<?xml version="1.0" encoding="UTF-8"?>
<!-- Generated by org.testng.reporters.JUnitXMLReporter -->
<testsuite ignored="7" hostname="NANIPC" failures="0" tests="1" name="Default test" time="5.5" errors="0" timestamp="2025-06-02T11:24:25 IST">
  <testcase classname="AllSolutions.Selenium_Automation_Examples" name="DynamicTable" time="3.695"/>
  <testcase classname="AllSolutions.Selenium_Automation_Examples" name="StaticTable" time="0.0">
    <ignored/>
  </testcase> <!-- StaticTable -->
  <testcase classname="AllSolutions.Selenium_Automation_Examples" name="Screenshot" time="0.0">
    <ignored/>
  </testcase> <!-- Screenshot -->
  <testcase classname="AllSolutions.Selenium_Automation_Examples" name="InfinityScroll" time="0.0">
    <ignored/>
  </testcase> <!-- InfinityScroll -->
  <testcase classname="AllSolutions.Selenium_Automation_Examples" name="ShadowDOM" time="0.0">
    <ignored/>
  </testcase> <!-- ShadowDOM -->
  <testcase classname="AllSolutions.Selenium_Automation_Examples" name="InfinityScroll2" time="0.0">
    <ignored/>
  </testcase> <!-- InfinityScroll2 -->
  <testcase classname="AllSolutions.Selenium_Automation_Examples" name="SVGelements" time="0.0">
    <ignored/>
  </testcase> <!-- SVGelements -->
  <testcase classname="AllSolutions.Selenium_Automation_Examples" name="DynamicPaginationTable" time="0.0">
    <ignored/>
  </testcase> <!-- DynamicPaginationTable -->
</testsuite> <!-- Default test -->
