<?xml version="1.0" encoding="UTF-8"?>
<!-- Generated by org.testng.reporters.JUnitXMLReporter -->
<testsuite ignored="2" hostname="NANIPC" failures="0" tests="1" name="Default test" time="5.144" errors="0" timestamp="2025-06-03T11:48:03 IST">
  <testcase classname="AllSolutions.DatePicker" name="date3" time="0.437"/>
  <testcase classname="AllSolutions.DatePicker" name="date1" time="0.0">
    <ignored/>
  </testcase> <!-- date1 -->
  <testcase classname="AllSolutions.DatePicker" name="date2" time="0.0">
    <ignored/>
  </testcase> <!-- date2 -->
</testsuite> <!-- Default test -->
